Сборка начата 15.05.2017 19:06:40.
     1>Проект "C:\Users\ean205\Desktop\Cuza + serv (0.07 test)\Cuza (Alpha 0.6)\glut1.vcxproj" в узле 2 (целевые объекты Build).
     1>ClCompile:
         C:\Program Files\Microsoft Visual Studio 12.0\VC\bin\CL.exe /c /ZI /nologo /W3 /WX- /Od /Oy- /D WIN32 /D _DEBUG /D _CONSOLE /D _UNICODE /D UNICODE /Gm /EHsc /RTC1 /MDd /GS /fp:precise /Zc:wchar_t /Zc:forScope /Fo"Debug\\" /Fd"Debug\vc120.pdb" /Gd /TP /analyze- /errorReport:prompt glut1.cpp
         glut1.cpp
     1>c:\users\ean205\desktop\cuza + serv (0.07 test)\cuza (alpha 0.6)\glut1.cpp(263): warning C4996: 'fscanf': This function or variable may be unsafe. Consider using fscanf_s instead. To disable deprecation, use _CRT_SECURE_NO_WARNINGS. See online help for details.
                 c:\program files\microsoft visual studio 12.0\vc\include\stdio.h(230): см. объявление "fscanf"
     1>c:\users\ean205\desktop\cuza + serv (0.07 test)\cuza (alpha 0.6)\glut1.cpp(285): warning C4996: 'fopen': This function or variable may be unsafe. Consider using fopen_s instead. To disable deprecation, use _CRT_SECURE_NO_WARNINGS. See online help for details.
                 c:\program files\microsoft visual studio 12.0\vc\include\stdio.h(211): см. объявление "fopen"
     1>c:\users\ean205\desktop\cuza + serv (0.07 test)\cuza (alpha 0.6)\glut1.cpp(313): warning C4996: 'inet_addr': Use inet_pton() or InetPton() instead or define _WINSOCK_DEPRECATED_NO_WARNINGS to disable deprecated API warnings
                 c:\program files\windows kits\8.1\include\um\winsock2.h(1850): см. объявление "inet_addr"
     1>c:\users\ean205\desktop\cuza + serv (0.07 test)\cuza (alpha 0.6)\glut1.cpp(314): warning C4996: 'inet_addr': Use inet_pton() or InetPton() instead or define _WINSOCK_DEPRECATED_NO_WARNINGS to disable deprecated API warnings
                 c:\program files\windows kits\8.1\include\um\winsock2.h(1850): см. объявление "inet_addr"
     1>c:\users\ean205\desktop\cuza + serv (0.07 test)\cuza (alpha 0.6)\glut1.cpp(317): warning C4996: 'gethostbyname': Use getaddrinfo() or GetAddrInfoW() instead or define _WINSOCK_DEPRECATED_NO_WARNINGS to disable deprecated API warnings
                 c:\program files\windows kits\8.1\include\um\winsock2.h(2238): см. объявление "gethostbyname"
       Link:
         C:\Program Files\Microsoft Visual Studio 12.0\VC\bin\link.exe /ERRORREPORT:PROMPT /OUT:"C:\Users\ean205\Desktop\Cuza + serv (0.07 test)\Cuza (Alpha 0.6)\Debug\glut1.exe" /INCREMENTAL /NOLOGO opengl32.lib glut32.lib kernel32.lib user32.lib gdi32.lib winspool.lib comdlg32.lib advapi32.lib shell32.lib ole32.lib oleaut32.lib uuid.lib odbc32.lib odbccp32.lib /MANIFEST /MANIFESTUAC:"level='asInvoker' uiAccess='false'" /manifest:embed /DEBUG /PDB:"C:\Users\ean205\Desktop\Cuza + serv (0.07 test)\Cuza (Alpha 0.6)\Debug\glut1.pdb" /SUBSYSTEM:CONSOLE /TLBID:1 /DYNAMICBASE /NXCOMPAT /IMPLIB:"C:\Users\ean205\Desktop\Cuza + serv (0.07 test)\Cuza (Alpha 0.6)\Debug\glut1.lib" /MACHINE:X86 /SAFESEH Debug\glut1.obj
         Debug\stdafx.obj
         glut1.vcxproj -> C:\Users\ean205\Desktop\Cuza + serv (0.07 test)\Cuza (Alpha 0.6)\Debug\glut1.exe
     1>Сборка проекта "C:\Users\ean205\Desktop\Cuza + serv (0.07 test)\Cuza (Alpha 0.6)\glut1.vcxproj" завершена (целевые объекты Build).

Сборка успешно завершена.

Затраченное время: 00:00:00.95
